[1025/231919.705:ERROR:directory_reader_win.cc(43)] FindFirstFile: El sistema no puede encontrar la ruta especificada. (0x3)
[1026/122234.366:ERROR:directory_reader_win.cc(43)] FindFirstFile: El sistema no puede encontrar la ruta especificada. (0x3)
[1026/135829.480:ERROR:directory_reader_win.cc(43)] FindFirstFile: El sistema no puede encontrar la ruta especificada. (0x3)
[1026/143120.302:ERROR:directory_reader_win.cc(43)] FindFirstFile: El sistema no puede encontrar la ruta especificada. (0x3)
[1026/150603.742:ERROR:directory_reader_win.cc(43)] FindFirstFile: El sistema no puede encontrar la ruta especificada. (0x3)
[1026/180814.351:ERROR:directory_reader_win.cc(43)] FindFirstFile: El sistema no puede encontrar la ruta especificada. (0x3)
[1026/182032.761:ERROR:directory_reader_win.cc(43)] FindFirstFile: El sistema no puede encontrar la ruta especificada. (0x3)
[1026/185220.650:ERROR:directory_reader_win.cc(43)] FindFirstFile: El sistema no puede encontrar la ruta especificada. (0x3)
[1026/192143.247:ERROR:directory_reader_win.cc(43)] FindFirstFile: El sistema no puede encontrar la ruta especificada. (0x3)
[1026/193856.707:ERROR:directory_reader_win.cc(43)] FindFirstFile: El sistema no puede encontrar la ruta especificada. (0x3)
[1026/195534.051:ERROR:directory_reader_win.cc(43)] FindFirstFile: El sistema no puede encontrar la ruta especificada. (0x3)
[1026/203308.806:ERROR:directory_reader_win.cc(43)] FindFirstFile: El sistema no puede encontrar la ruta especificada. (0x3)
[1026/210742.533:ERROR:directory_reader_win.cc(43)] FindFirstFile: El sistema no puede encontrar la ruta especificada. (0x3)
[1026/211144.110:ERROR:process_reader_win.cc(123)] NtOpenThread: {Acceso denegado} Un proceso ha solicitado acceso a un objeto, pero no se le han concedido esos derechos de acceso. (0xc0000022)
[1026/211144.111:ERROR:exception_snapshot_win.cc(99)] thread ID 14500 not found in process
[1026/211144.120:ERROR:process_reader_win.cc(123)] NtOpenThread: {Acceso denegado} Un proceso ha solicitado acceso a un objeto, pero no se le han concedido esos derechos de acceso. (0xc0000022)
[1026/211144.120:ERROR:exception_snapshot_win.cc(99)] thread ID 14592 not found in process
[1026/212317.779:ERROR:directory_reader_win.cc(43)] FindFirstFile: El sistema no puede encontrar la ruta especificada. (0x3)
[1026/224428.098:ERROR:process_reader_win.cc(123)] NtOpenThread: {Acceso denegado} Un proceso ha solicitado acceso a un objeto, pero no se le han concedido esos derechos de acceso. (0xc0000022)
[1026/224428.099:ERROR:exception_snapshot_win.cc(99)] thread ID 11692 not found in process
[1026/224428.114:ERROR:process_reader_win.cc(123)] NtOpenThread: {Acceso denegado} Un proceso ha solicitado acceso a un objeto, pero no se le han concedido esos derechos de acceso. (0xc0000022)
[1026/224428.114:ERROR:exception_snapshot_win.cc(99)] thread ID 6084 not found in process
[1026/224428.141:ERROR:process_reader_win.cc(123)] NtOpenThread: {Acceso denegado} Un proceso ha solicitado acceso a un objeto, pero no se le han concedido esos derechos de acceso. (0xc0000022)
[1026/224428.142:ERROR:exception_snapshot_win.cc(99)] thread ID 12324 not found in process
[1026/224737.624:ERROR:directory_reader_win.cc(43)] FindFirstFile: El sistema no puede encontrar la ruta especificada. (0x3)
[1026/225611.266:ERROR:directory_reader_win.cc(43)] FindFirstFile: El sistema no puede encontrar la ruta especificada. (0x3)
[1026/230540.427:ERROR:process_reader_win.cc(123)] NtOpenThread: {Acceso denegado} Un proceso ha solicitado acceso a un objeto, pero no se le han concedido esos derechos de acceso. (0xc0000022)
[1026/230540.427:ERROR:exception_snapshot_win.cc(99)] thread ID 18620 not found in process
[1026/230540.437:ERROR:process_reader_win.cc(123)] NtOpenThread: {Acceso denegado} Un proceso ha solicitado acceso a un objeto, pero no se le han concedido esos derechos de acceso. (0xc0000022)
[1026/230540.437:ERROR:exception_snapshot_win.cc(99)] thread ID 16816 not found in process
[1026/230738.714:ERROR:process_reader_win.cc(123)] NtOpenThread: {Acceso denegado} Un proceso ha solicitado acceso a un objeto, pero no se le han concedido esos derechos de acceso. (0xc0000022)
[1026/230738.715:ERROR:exception_snapshot_win.cc(99)] thread ID 13988 not found in process
[1026/230738.724:ERROR:process_reader_win.cc(123)] NtOpenThread: {Acceso denegado} Un proceso ha solicitado acceso a un objeto, pero no se le han concedido esos derechos de acceso. (0xc0000022)
[1026/230738.724:ERROR:exception_snapshot_win.cc(99)] thread ID 17972 not found in process
[1026/231821.919:ERROR:directory_reader_win.cc(43)] FindFirstFile: El sistema no puede encontrar la ruta especificada. (0x3)
[1026/234020.135:ERROR:process_reader_win.cc(123)] NtOpenThread: {Acceso denegado} Un proceso ha solicitado acceso a un objeto, pero no se le han concedido esos derechos de acceso. (0xc0000022)
[1026/234020.136:ERROR:exception_snapshot_win.cc(99)] thread ID 2636 not found in process
[1026/234020.148:ERROR:process_reader_win.cc(123)] NtOpenThread: {Acceso denegado} Un proceso ha solicitado acceso a un objeto, pero no se le han concedido esos derechos de acceso. (0xc0000022)
[1026/234020.148:ERROR:exception_snapshot_win.cc(99)] thread ID 9308 not found in process
[1026/234706.053:ERROR:directory_reader_win.cc(43)] FindFirstFile: El sistema no puede encontrar la ruta especificada. (0x3)
[1026/235139.821:ERROR:directory_reader_win.cc(43)] FindFirstFile: El sistema no puede encontrar la ruta especificada. (0x3)
[1027/000005.196:ERROR:process_reader_win.cc(123)] NtOpenThread: {Acceso denegado} Un proceso ha solicitado acceso a un objeto, pero no se le han concedido esos derechos de acceso. (0xc0000022)
[1027/000005.196:ERROR:exception_snapshot_win.cc(99)] thread ID 10984 not found in process
[1027/000005.208:ERROR:process_reader_win.cc(123)] NtOpenThread: {Acceso denegado} Un proceso ha solicitado acceso a un objeto, pero no se le han concedido esos derechos de acceso. (0xc0000022)
[1027/000005.208:ERROR:exception_snapshot_win.cc(99)] thread ID 8348 not found in process
[1027/000538.362:ERROR:directory_reader_win.cc(43)] FindFirstFile: El sistema no puede encontrar la ruta especificada. (0x3)
[1027/001014.679:ERROR:directory_reader_win.cc(43)] FindFirstFile: El sistema no puede encontrar la ruta especificada. (0x3)
[1027/003009.894:ERROR:directory_reader_win.cc(43)] FindFirstFile: El sistema no puede encontrar la ruta especificada. (0x3)
[1027/003100.170:ERROR:directory_reader_win.cc(43)] FindFirstFile: El sistema no puede encontrar la ruta especificada. (0x3)
[1027/005026.463:ERROR:directory_reader_win.cc(43)] FindFirstFile: El sistema no puede encontrar la ruta especificada. (0x3)
[1027/010620.163:ERROR:process_reader_win.cc(123)] NtOpenThread: {Acceso denegado} Un proceso ha solicitado acceso a un objeto, pero no se le han concedido esos derechos de acceso. (0xc0000022)
[1027/010620.164:ERROR:exception_snapshot_win.cc(99)] thread ID 5108 not found in process
[1027/010620.201:ERROR:process_reader_win.cc(123)] NtOpenThread: {Acceso denegado} Un proceso ha solicitado acceso a un objeto, pero no se le han concedido esos derechos de acceso. (0xc0000022)
[1027/010620.201:ERROR:exception_snapshot_win.cc(99)] thread ID 7276 not found in process
[1027/011937.066:ERROR:process_reader_win.cc(123)] NtOpenThread: {Acceso denegado} Un proceso ha solicitado acceso a un objeto, pero no se le han concedido esos derechos de acceso. (0xc0000022)
[1027/011937.067:ERROR:exception_snapshot_win.cc(99)] thread ID 24060 not found in process
[1027/011937.107:ERROR:process_reader_win.cc(123)] NtOpenThread: {Acceso denegado} Un proceso ha solicitado acceso a un objeto, pero no se le han concedido esos derechos de acceso. (0xc0000022)
[1027/011937.107:ERROR:exception_snapshot_win.cc(99)] thread ID 14240 not found in process
[1027/015525.246:ERROR:directory_reader_win.cc(43)] FindFirstFile: El sistema no puede encontrar la ruta especificada. (0x3)
[1027/093512.717:ERROR:directory_reader_win.cc(43)] FindFirstFile: El sistema no puede encontrar la ruta especificada. (0x3)
[1027/093617.879:ERROR:directory_reader_win.cc(43)] FindFirstFile: El sistema no puede encontrar la ruta especificada. (0x3)
[1027/100819.272:ERROR:process_reader_win.cc(123)] NtOpenThread: {Acceso denegado} Un proceso ha solicitado acceso a un objeto, pero no se le han concedido esos derechos de acceso. (0xc0000022)
[1027/100819.273:ERROR:exception_snapshot_win.cc(99)] thread ID 18344 not found in process
[1027/100819.283:ERROR:process_reader_win.cc(123)] NtOpenThread: {Acceso denegado} Un proceso ha solicitado acceso a un objeto, pero no se le han concedido esos derechos de acceso. (0xc0000022)
[1027/100819.283:ERROR:exception_snapshot_win.cc(99)] thread ID 492 not found in process
[1027/104631.811:ERROR:directory_reader_win.cc(43)] FindFirstFile: El sistema no puede encontrar la ruta especificada. (0x3)
[1027/112433.334:ERROR:directory_reader_win.cc(43)] FindFirstFile: El sistema no puede encontrar la ruta especificada. (0x3)
[1027/113516.504:ERROR:directory_reader_win.cc(43)] FindFirstFile: El sistema no puede encontrar la ruta especificada. (0x3)
[1027/114029.208:ERROR:directory_reader_win.cc(43)] FindFirstFile: El sistema no puede encontrar la ruta especificada. (0x3)
[1027/114930.371:ERROR:directory_reader_win.cc(43)] FindFirstFile: El sistema no puede encontrar la ruta especificada. (0x3)
[1027/183607.669:ERROR:process_reader_win.cc(151)] SuspendThread: Access is denied. (0x5)
[1027/183607.671:ERROR:process_reader_win.cc(151)] SuspendThread: Access is denied. (0x5)
[1027/183607.672:ERROR:process_reader_win.cc(123)] NtOpenThread: {Access Denied} A process has requested access to an object, but has not been granted those access rights. (0xc0000022)
[1027/183607.676:ERROR:exception_snapshot_win.cc(99)] thread ID 8128 not found in process
[1027/183607.700:ERROR:process_reader_win.cc(151)] SuspendThread: Access is denied. (0x5)
[1027/183607.700:ERROR:process_reader_win.cc(123)] NtOpenThread: {Access Denied} A process has requested access to an object, but has not been granted those access rights. (0xc0000022)
[1027/183607.700:ERROR:exception_snapshot_win.cc(99)] thread ID 12788 not found in process
[1027/183731.771:ERROR:process_reader_win.cc(123)] NtOpenThread: {Access Denied} A process has requested access to an object, but has not been granted those access rights. (0xc0000022)
[1027/183731.774:ERROR:exception_snapshot_win.cc(99)] thread ID 5712 not found in process
[1027/183731.890:ERROR:process_reader_win.cc(123)] NtOpenThread: {Access Denied} A process has requested access to an object, but has not been granted those access rights. (0xc0000022)
[1027/183731.890:ERROR:exception_snapshot_win.cc(99)] thread ID 13180 not found in process
[1027/184024.089:ERROR:process_reader_win.cc(123)] NtOpenThread: {Access Denied} A process has requested access to an object, but has not been granted those access rights. (0xc0000022)
[1027/184024.091:ERROR:exception_snapshot_win.cc(99)] thread ID 10020 not found in process
[1027/184024.125:ERROR:process_reader_win.cc(123)] NtOpenThread: {Access Denied} A process has requested access to an object, but has not been granted those access rights. (0xc0000022)
[1027/184024.125:ERROR:exception_snapshot_win.cc(99)] thread ID 6592 not found in process
[1027/185426.671:ERROR:process_reader_win.cc(123)] NtOpenThread: {Access Denied} A process has requested access to an object, but has not been granted those access rights. (0xc0000022)
[1027/185426.674:ERROR:exception_snapshot_win.cc(99)] thread ID 6656 not found in process
[1027/185426.805:ERROR:process_reader_win.cc(123)] NtOpenThread: {Access Denied} A process has requested access to an object, but has not been granted those access rights. (0xc0000022)
[1027/185426.805:ERROR:exception_snapshot_win.cc(99)] thread ID 13088 not found in process
[1027/185620.732:ERROR:process_reader_win.cc(123)] NtOpenThread: {Access Denied} A process has requested access to an object, but has not been granted those access rights. (0xc0000022)
[1027/185620.733:ERROR:exception_snapshot_win.cc(99)] thread ID 14764 not found in process
[1027/185620.814:ERROR:process_reader_win.cc(123)] NtOpenThread: {Access Denied} A process has requested access to an object, but has not been granted those access rights. (0xc0000022)
[1027/185620.814:ERROR:exception_snapshot_win.cc(99)] thread ID 9732 not found in process
[1027/191351.065:ERROR:process_reader_win.cc(123)] NtOpenThread: {Access Denied} A process has requested access to an object, but has not been granted those access rights. (0xc0000022)
[1027/191351.066:ERROR:exception_snapshot_win.cc(99)] thread ID 13360 not found in process
[1027/191351.116:ERROR:process_reader_win.cc(123)] NtOpenThread: {Access Denied} A process has requested access to an object, but has not been granted those access rights. (0xc0000022)
[1027/191351.116:ERROR:exception_snapshot_win.cc(99)] thread ID 14852 not found in process
[1027/191743.546:ERROR:process_reader_win.cc(123)] NtOpenThread: {Access Denied} A process has requested access to an object, but has not been granted those access rights. (0xc0000022)
[1027/191743.548:ERROR:exception_snapshot_win.cc(99)] thread ID 16024 not found in process
[1027/191743.607:ERROR:process_reader_win.cc(123)] NtOpenThread: {Access Denied} A process has requested access to an object, but has not been granted those access rights. (0xc0000022)
[1027/191743.607:ERROR:exception_snapshot_win.cc(99)] thread ID 16036 not found in process
[1027/191743.708:ERROR:process_reader_win.cc(123)] NtOpenThread: {Access Denied} A process has requested access to an object, but has not been granted those access rights. (0xc0000022)
[1027/191743.710:ERROR:exception_snapshot_win.cc(99)] thread ID 16064 not found in process
[1027/191743.778:ERROR:process_reader_win.cc(123)] NtOpenThread: {Access Denied} A process has requested access to an object, but has not been granted those access rights. (0xc0000022)
[1027/191743.778:ERROR:exception_snapshot_win.cc(99)] thread ID 16096 not found in process
[1027/192059.873:ERROR:process_reader_win.cc(123)] NtOpenThread: {Access Denied} A process has requested access to an object, but has not been granted those access rights. (0xc0000022)
[1027/192059.875:ERROR:exception_snapshot_win.cc(99)] thread ID 13976 not found in process
[1027/192059.894:ERROR:process_reader_win.cc(123)] NtOpenThread: {Access Denied} A process has requested access to an object, but has not been granted those access rights. (0xc0000022)
[1027/192059.894:ERROR:exception_snapshot_win.cc(99)] thread ID 14868 not found in process
[1027/192824.167:ERROR:process_reader_win.cc(123)] NtOpenThread: {Access Denied} A process has requested access to an object, but has not been granted those access rights. (0xc0000022)
[1027/192824.167:ERROR:exception_snapshot_win.cc(99)] thread ID 3460 not found in process
[1027/192824.219:ERROR:process_reader_win.cc(123)] NtOpenThread: {Access Denied} A process has requested access to an object, but has not been granted those access rights. (0xc0000022)
[1027/192824.219:ERROR:exception_snapshot_win.cc(99)] thread ID 12952 not found in process
[1027/193006.905:ERROR:process_reader_win.cc(123)] NtOpenThread: {Access Denied} A process has requested access to an object, but has not been granted those access rights. (0xc0000022)
[1027/193006.906:ERROR:exception_snapshot_win.cc(99)] thread ID 9848 not found in process
[1027/193006.959:ERROR:process_reader_win.cc(123)] NtOpenThread: {Access Denied} A process has requested access to an object, but has not been granted those access rights. (0xc0000022)
[1027/193006.959:ERROR:exception_snapshot_win.cc(99)] thread ID 15976 not found in process
[1027/193244.754:ERROR:process_reader_win.cc(123)] NtOpenThread: {Access Denied} A process has requested access to an object, but has not been granted those access rights. (0xc0000022)
[1027/193244.755:ERROR:exception_snapshot_win.cc(99)] thread ID 14432 not found in process
[1027/193244.785:ERROR:process_reader_win.cc(123)] NtOpenThread: {Access Denied} A process has requested access to an object, but has not been granted those access rights. (0xc0000022)
[1027/193244.785:ERROR:exception_snapshot_win.cc(99)] thread ID 10340 not found in process
[1027/194649.848:ERROR:process_reader_win.cc(123)] NtOpenThread: {Access Denied} A process has requested access to an object, but has not been granted those access rights. (0xc0000022)
[1027/194649.849:ERROR:exception_snapshot_win.cc(99)] thread ID 14444 not found in process
[1027/194649.932:ERROR:process_reader_win.cc(123)] NtOpenThread: {Access Denied} A process has requested access to an object, but has not been granted those access rights. (0xc0000022)
[1027/194649.932:ERROR:exception_snapshot_win.cc(99)] thread ID 1176 not found in process
[1027/195236.799:ERROR:process_reader_win.cc(123)] NtOpenThread: {Access Denied} A process has requested access to an object, but has not been granted those access rights. (0xc0000022)
[1027/195236.802:ERROR:exception_snapshot_win.cc(99)] thread ID 5996 not found in process
[1027/195236.874:ERROR:process_reader_win.cc(123)] NtOpenThread: {Access Denied} A process has requested access to an object, but has not been granted those access rights. (0xc0000022)
[1027/195236.875:ERROR:exception_snapshot_win.cc(99)] thread ID 11884 not found in process
[1027/195541.153:ERROR:process_reader_win.cc(123)] NtOpenThread: {Access Denied} A process has requested access to an object, but has not been granted those access rights. (0xc0000022)
[1027/195541.158:ERROR:exception_snapshot_win.cc(99)] thread ID 2620 not found in process
[1027/195541.230:ERROR:process_reader_win.cc(123)] NtOpenThread: {Access Denied} A process has requested access to an object, but has not been granted those access rights. (0xc0000022)
[1027/195541.230:ERROR:exception_snapshot_win.cc(99)] thread ID 3456 not found in process
[1027/200549.138:ERROR:process_reader_win.cc(123)] NtOpenThread: {Access Denied} A process has requested access to an object, but has not been granted those access rights. (0xc0000022)
[1027/200549.139:ERROR:exception_snapshot_win.cc(99)] thread ID 15372 not found in process
[1027/200549.199:ERROR:process_reader_win.cc(123)] NtOpenThread: {Access Denied} A process has requested access to an object, but has not been granted those access rights. (0xc0000022)
[1027/200549.199:ERROR:exception_snapshot_win.cc(99)] thread ID 5400 not found in process
[1027/200715.674:ERROR:process_reader_win.cc(123)] NtOpenThread: {Access Denied} A process has requested access to an object, but has not been granted those access rights. (0xc0000022)
[1027/200715.675:ERROR:exception_snapshot_win.cc(99)] thread ID 16312 not found in process
[1027/200715.726:ERROR:process_reader_win.cc(123)] NtOpenThread: {Access Denied} A process has requested access to an object, but has not been granted those access rights. (0xc0000022)
[1027/200715.727:ERROR:exception_snapshot_win.cc(99)] thread ID 10984 not found in process
[1027/202353.010:ERROR:process_reader_win.cc(123)] NtOpenThread: {Access Denied} A process has requested access to an object, but has not been granted those access rights. (0xc0000022)
[1027/202353.012:ERROR:exception_snapshot_win.cc(99)] thread ID 14912 not found in process
[1027/202353.081:ERROR:process_reader_win.cc(123)] NtOpenThread: {Access Denied} A process has requested access to an object, but has not been granted those access rights. (0xc0000022)
[1027/202353.082:ERROR:exception_snapshot_win.cc(99)] thread ID 14632 not found in process
[1027/203420.931:ERROR:process_reader_win.cc(123)] NtOpenThread: {Access Denied} A process has requested access to an object, but has not been granted those access rights. (0xc0000022)
[1027/203420.932:ERROR:exception_snapshot_win.cc(99)] thread ID 11708 not found in process
[1027/203420.982:ERROR:process_reader_win.cc(123)] NtOpenThread: {Access Denied} A process has requested access to an object, but has not been granted those access rights. (0xc0000022)
[1027/203420.982:ERROR:exception_snapshot_win.cc(99)] thread ID 11620 not found in process
[1027/235104.527:ERROR:process_reader_win.cc(123)] NtOpenThread: {Access Denied} A process has requested access to an object, but has not been granted those access rights. (0xc0000022)
[1027/235104.529:ERROR:process_reader_win.cc(123)] NtOpenThread: {Access Denied} A process has requested access to an object, but has not been granted those access rights. (0xc0000022)
[1027/235104.529:ERROR:exception_snapshot_win.cc(99)] thread ID 14844 not found in process
[1027/235104.529:ERROR:exception_snapshot_win.cc(99)] thread ID 15444 not found in process
[1027/235104.560:ERROR:process_reader_win.cc(123)] NtOpenThread: {Access Denied} A process has requested access to an object, but has not been granted those access rights. (0xc0000022)
[1027/235104.561:ERROR:exception_snapshot_win.cc(99)] thread ID 15576 not found in process
[1027/235554.480:ERROR:process_reader_win.cc(123)] NtOpenThread: {Access Denied} A process has requested access to an object, but has not been granted those access rights. (0xc0000022)
[1027/235554.483:ERROR:exception_snapshot_win.cc(99)] thread ID 10084 not found in process
[1027/235554.519:ERROR:process_reader_win.cc(123)] NtOpenThread: {Access Denied} A process has requested access to an object, but has not been granted those access rights. (0xc0000022)
[1027/235554.519:ERROR:exception_snapshot_win.cc(99)] thread ID 12124 not found in process
[1027/235755.360:ERROR:process_reader_win.cc(123)] NtOpenThread: {Access Denied} A process has requested access to an object, but has not been granted those access rights. (0xc0000022)
[1027/235755.362:ERROR:exception_snapshot_win.cc(99)] thread ID 13940 not found in process
[1027/235755.400:ERROR:process_reader_win.cc(123)] NtOpenThread: {Access Denied} A process has requested access to an object, but has not been granted those access rights. (0xc0000022)
[1027/235755.400:ERROR:exception_snapshot_win.cc(99)] thread ID 15700 not found in process
